/home/deploy/.rbenv/versions/2.2.0/bin/ruby -r ./siteconf20151216-13227-t6swf4.rb extconf.rb
checking for main() in -lpthread... yes
creating Makefile

make "DESTDIR=" clean

make "DESTDIR="
compiling constants.cc
compiling handles.cc
compiling value.cc
compiling rr.cc
compiling string.cc
compiling external.cc
compiling signature.cc
compiling init.cc
compiling heap.cc
compiling gc.cc
compiling array.cc
compiling context.cc
compiling primitive.cc
compiling stack.cc
compiling v8.cc
compiling backref.cc
compiling exception.cc
compiling constraints.cc
compiling message.cc
compiling trycatch.cc
compiling template.cc
compiling object.cc
compiling date.cc
compiling accessor.cc
compiling script.cc
compiling invocation.cc
compiling locker.cc
compiling function.cc
linking shared-object v8/init.so

make "DESTDIR=" install
/usr/bin/install -c -m 0755 init.so ./.gem.20151216-13227-10k5izk/v8
